android/build/outputs/logs/manifest-merger-debug-report.txt
-- Merging decision tree log ---
manifest
ADDED from src/main/AndroidManifest.xml:2:1-22:12
INJECTED from src/main/AndroidManifest.xml:2:1-22:12
INJECTED from src/main/AndroidManifest.xml:2:1-22:12
INJECTED from src/main/AndroidManifest.xml:2:1-22:12
INJECTED from src/main/AndroidManifest.xml:2:1-22:12
INJECTED from src/main/AndroidManifest.xml:2:1-22:12
INJECTED from src/main/AndroidManifest.xml:2:1-22:12
	package
		ADDED from src/main/AndroidManifest.xml:3:11-46
		INJECTED from src/main/AndroidManifest.xml
		INJECTED from src/main/AndroidManifest.xml
	android:versionName
		INJECTED from src/main/AndroidManifest.xml
		ADDED from src/main/AndroidManifest.xml:2:1-22:12
		INJECTED from src/main/AndroidManifest.xml
	android:versionCode
		INJECTED from src/main/AndroidManifest.xml
		ADDED from src/main/AndroidManifest.xml:2:1-22:12
		INJECTED from src/main/AndroidManifest.xml
	xmlns:android
		ADDED from src/main/AndroidManifest.xml:2:11-69
uses-permission#android.permission.INTERNET
ADDED from src/main/AndroidManifest.xml:5:3-65
	android:name
		ADDED from src/main/AndroidManifest.xml:5:20-62
application
ADDED from src/main/AndroidManifest.xml:6:3-21:17
	android:supportsRtl
		ADDED from src/main/AndroidManifest.xml:8:5-31
	android:allowBackup
		ADDED from src/main/AndroidManifest.xml:7:5-31
meta-data#com.kakao.sdk.AppKey
ADDED from src/main/AndroidManifest.xml:11:5-13:47
	android:value
		ADDED from src/main/AndroidManifest.xml:13:7-44
	android:name
		ADDED from src/main/AndroidManifest.xml:12:7-42
activity#com.kakao.auth.authorization.authcode.KakaoWebViewActivity
ADDED from src/main/AndroidManifest.xml:15:5-20:16
	android:launchMode
		ADDED from src/main/AndroidManifest.xml:17:7-37
	android:windowSoftInputMode
		ADDED from src/main/AndroidManifest.xml:19:7-49
	android:exported
		ADDED from src/main/AndroidManifest.xml:18:7-31
	android:name
		ADDED from src/main/AndroidManifest.xml:16:7-80
uses-sdk
INJECTED from src/main/AndroidManifest.xml reason: use-sdk injection requested
INJECTED from src/main/AndroidManifest.xml
INJECTED from src/main/AndroidManifest.xml
INJECTED from src/main/AndroidManifest.xml
INJECTED from src/main/AndroidManifest.xml
	android:targetSdkVersion
		INJECTED from src/main/AndroidManifest.xml
		ADDED from src/main/AndroidManifest.xml
		INJECTED from src/main/AndroidManifest.xml
	android:minSdkVersion
		INJECTED from src/main/AndroidManifest.xml
		ADDED from src/main/AndroidManifest.xml
		INJECTED from src/main/AndroidManifest.xml